[    0.000000] Linux version 4.15.0-197-generic (buildd@lcy02-amd64-110) (gcc version 7.5.0 (Ubuntu 7.5.0-3ubuntu1~18.04)) #208-Ubuntu SMP Tue Nov 1 17:23:37 UTC 2022 (Ubuntu 4.15.0-197.208-generic 4.15.18)
[    0.000000] Command line: BOOT_IMAGE=/boot/vmlinuz-4.15.0-197-generic root=LABEL=cloudimg-rootfs ro console=tty1 console=ttyS0
[    0.000000] KERNEL supported cpus:
[    0.000000]   Intel GenuineIntel
[    0.000000]   AMD AuthenticAMD
[    0.000000]   Centaur CentaurHauls
[    0.000000] x86/fpu: Supporting XSAVE feature 0x001: 'x87 floating point registers'
[    0.000000] x86/fpu: Supporting XSAVE feature 0x002: 'SSE registers'
[    0.000000] x86/fpu: Supporting XSAVE feature 0x004: 'AVX registers'
[    0.000000] x86/fpu: xstate_offset[2]:  576, xstate_sizes[2]:  256
[    0.000000] x86/fpu: Enabled xstate features 0x7, context size is 832 bytes, using 'standard' format.
[    0.000000] e820: BIOS-provided physical RAM map:
[    0.000000] BIOS-e820: [mem 0x0000000000000000-0x000000000009fbff] usable
[    0.000000] BIOS-e820: [mem 0x000000000009fc00-0x000000000009ffff] reserved
[    0.000000] BIOS-e820: [mem 0x00000000000f0000-0x00000000000fffff] reserved
[    0.000000] BIOS-e820: [mem 0x0000000000100000-0x000000003ffeffff] usable
[    0.000000] BIOS-e820: [mem 0x000000003fff0000-0x000000003fffffff] ACPI data
[    0.000000] BIOS-e820: [mem 0x00000000fec00000-0x00000000fec00fff] reserved
[    0.000000] BIOS-e820: [mem 0x00000000fee00000-0x00000000fee00fff] reserved
[    0.000000] BIOS-e820: [mem 0x00000000fffc0000-0x00000000ffffffff] reserved
[    0.000000] NX (Execute Disable) protection: active
[    0.000000] SMBIOS 2.5 present.
[    0.000000] DMI: innotek GmbH VirtualBox/VirtualBox, BIOS VirtualBox 12/01/2006
[    0.000000] Hypervisor detected: KVM
[    0.000000] e820: last_pfn = 0x3fff0 max_arch_pfn = 0x400000000
[    0.000000] MTRR: Disabled
[    0.000000] x86/PAT: MTRRs disabled, skipping PAT initialization too.
[    0.000000] CPU MTRRs all blank - virtualized system.
[    0.000000] x86/PAT: Configuration [0-7]: WB  WT  UC- UC  WB  WT  UC- UC  
[    0.000000] found SMP MP-table at [mem 0x0009fff0-0x0009ffff]
[    0.000000] Scanning 1 areas for low memory corruption
[    0.000000] RAMDISK: [mem 0x359c7000-0x36cdafff]
[    0.000000] ACPI: Early table checksum verification disabled
[    0.000000] ACPI: RSDP 0x00000000000E0000 000024 (v02 VBOX  )
[    0.000000] ACPI: XSDT 0x000000003FFF0030 00003C (v01 VBOX   VBOXXSDT 00000001 ASL  00000061)
[    0.000000] ACPI: FACP 0x000000003FFF00F0 0000F4 (v04 VBOX   VBOXFACP 00000001 ASL  00000061)
[    0.000000] ACPI: DSDT 0x000000003FFF0610 002353 (v02 VBOX   VBOXBIOS 00000002 INTL 20100528)
[    0.000000] ACPI: FACS 0x000000003FFF0200 000040
[    0.000000] ACPI: FACS 0x000000003FFF0200 000040
[    0.000000] ACPI: APIC 0x000000003FFF0240 00005C (v02 VBOX   VBOXAPIC 00000001 ASL  00000061)
[    0.000000] ACPI: SSDT 0x000000003FFF02A0 00036C (v01 VBOX   VBOXCPUT 00000002 INTL 20100528)
[    0.000000] ACPI: Reserving FACP table memory at [mem 0x3fff00f0-0x3fff01e3]
[    0.000000] ACPI: Reserving DSDT table memory at [mem 0x3fff0610-0x3fff2962]
[    0.000000] ACPI: Reserving FACS table memory at [mem 0x3fff0200-0x3fff023f]
[    0.000000] ACPI: Reserving FACS table memory at [mem 0x3fff0200-0x3fff023f]
[    0.000000] ACPI: Reserving APIC table memory at [mem 0x3fff0240-0x3fff029b]
[    0.000000] ACPI: Reserving SSDT table memory at [mem 0x3fff02a0-0x3fff060b]
[    0.000000] No NUMA configuration found
[    0.000000] Faking a node at [mem 0x0000000000000000-0x000000003ffeffff]
[    0.000000] NODE_DATA(0) allocated [mem 0x3ffc5000-0x3ffeffff]
[    0.000000] kvm-clock: cpu 0, msr 0:3ff44001, primary cpu clock
[    0.000000] kvm-clock: Using msrs 4b564d01 and 4b564d00
[    0.000000] kvm-clock: using sched offset of 6245183397 cycles
[    0.000000] clocksource: kvm-clock: mask: 0xffffffffffffffff max_cycles: 0x1cd42e4dffb, max_idle_ns: 881590591483 ns
[    0.000000] Zone ranges:
[    0.000000]   DMA      [mem 0x0000000000001000-0x0000000000ffffff]
[    0.000000]   DMA32    [mem 0x0000000001000000-0x000000003ffeffff]
[    0.000000]   Normal   empty
[    0.000000]   Device   empty
[    0.000000] Movable zone start for each node
[    0.000000] Early memory node ranges
[    0.000000]   node   0: [mem 0x0000000000001000-0x000000000009efff]
[    0.000000]   node   0: [mem 0x0000000000100000-0x000000003ffeffff]
[    0.000000] Reserved but unavailable: 104 pages
[    0.000000] Initmem setup node 0 [mem 0x0000000000001000-0x000000003ffeffff]
[    0.000000] ACPI: PM-Timer IO Port: 0x4008
[    0.000000] IOAPIC[0]: apic_id 2, version 32, address 0xfec00000, GSI 0-23
[    0.000000] ACPI: INT_SRC_OVR (bus 0 bus_irq 0 global_irq 2 dfl dfl)
[    0.000000] ACPI: INT_SRC_OVR (bus 0 bus_irq 9 global_irq 9 low level)
[    0.000000] Using ACPI (MADT) for SMP configuration information
[    0.000000] smpboot: Allowing 2 CPUs, 0 hotplug CPUs
[    0.000000] PM: Registered nosave memory: [mem 0x00000000-0x00000fff]
[    0.000000] PM: Registered nosave memory: [mem 0x0009f000-0x0009ffff]
[    0.000000] PM: Registered nosave memory: [mem 0x000a0000-0x000effff]
[    0.000000] PM: Registered nosave memory: [mem 0x000f0000-0x000fffff]
[    0.000000] e820: [mem 0x40000000-0xfebfffff] available for PCI devices
[    0.000000] Booting paravirtualized kernel on KVM
[    0.000000] clocksource: refined-jiffies: mask: 0xffffffff max_cycles: 0xffffffff, max_idle_ns: 7645519600211568 ns
[    0.000000] setup_percpu: NR_CPUS:8192 nr_cpumask_bits:2 nr_cpu_ids:2 nr_node_ids:1
[    0.000000] percpu: Embedded 50 pages/cpu s167936 r8192 d28672 u1048576
[    0.000000] PV qspinlock hash table entries: 256 (order: 0, 4096 bytes)
[    0.000000] Built 1 zonelists, mobility grouping on.  Total pages: 257913
[    0.000000] Policy zone: DMA32
[    0.000000] Kernel command line: BOOT_IMAGE=/boot/vmlinuz-4.15.0-197-generic root=LABEL=cloudimg-rootfs ro console=tty1 console=ttyS0
[    0.000000] Memory: 982644K/1048120K available (12300K kernel code, 2477K rwdata, 4320K rodata, 2472K init, 2720K bss, 65476K reserved, 0K cma-reserved)
[    0.000000] SLUB: HWalign=64, Order=0-3, MinObjects=0, CPUs=2, Nodes=1
[    0.000000] Kernel/User page tables isolation: enabled
[    0.000000] ftrace: allocating 39478 entries in 155 pages
[    0.004000] Hierarchical RCU implementation.
[    0.004000] 	RCU restricting CPUs from NR_CPUS=8192 to nr_cpu_ids=2.
[    0.004000] 	Tasks RCU enabled.
[    0.004000] RCU: Adjusting geometry for rcu_fanout_leaf=16, nr_cpu_ids=2
[    0.004000] NR_IRQS: 524544, nr_irqs: 440, preallocated irqs: 16
[    0.004000] Console: colour VGA+ 80x25
[    0.004000] console [tty1] enabled
[    0.004000] console [ttyS0] enabled
[    0.004000] ACPI: Core revision 20170831
[    0.004000] ACPI: 2 ACPI AML tables successfully acquired and loaded
[    0.004000] APIC: Switch to symmetric I/O mode setup
[    0.004000] x2apic enabled
[    0.004015] Switched APIC routing to physical x2apic.
[    0.012000] ..TIMER: vector=0x30 apic1=0 pin1=2 apic2=-1 pin2=-1
[    0.012009] tsc: Detected 2095.238 MHz processor
[    0.016023] Calibrating delay loop (skipped) preset value.. 4190.47 BogoMIPS (lpj=8380952)
[    0.020015] pid_max: default: 32768 minimum: 301
[    0.024284] Security Framework initialized
[    0.028013] Yama: becoming mindful.
[    0.032093] AppArmor: AppArmor initialized
[    0.038292] Dentry cache hash table entries: 131072 (order: 8, 1048576 bytes)
[    0.040182] Inode-cache hash table entries: 65536 (order: 7, 524288 bytes)
[    0.044082] Mount-cache hash table entries: 2048 (order: 2, 16384 bytes)
[    0.048027] Mountpoint-cache hash table entries: 2048 (order: 2, 16384 bytes)
[    0.052895] Last level iTLB entries: 4KB 512, 2MB 8, 4MB 8
[    0.056007] Last level dTLB entries: 4KB 512, 2MB 32, 4MB 32, 1GB 0
[    0.060007] Spectre V1 : Mitigation: usercopy/swapgs barriers and __user pointer sanitization
[    0.064007] Spectre V2 : Mitigation: Retpolines
[    0.066357] Spectre V2 : Spectre v2 / SpectreRSB mitigation: Filling RSB on context switch
[    0.068005] Speculative Store Bypass: Vulnerable
[    0.072100] MDS: Mitigation: Clear CPU buffers
[    0.076605] Freeing SMP alternatives memory: 36K
[    0.191322] smpboot: CPU0: Intel(R) Core(TM) i3-2310M CPU @ 2.10GHz (family: 0x6, model: 0x2a, stepping: 0x7)
[    0.192258] Performance Events: unsupported p6 CPU model 42 no PMU driver, software events only.
[    0.196112] Hierarchical SRCU implementation.
[    0.201120] NMI watchdog: Perf event create on CPU 0 failed with -2
[    0.204010] NMI watchdog: Perf NMI watchdog permanently disabled
[    0.208152] smp: Bringing up secondary CPUs ...
[    0.212281] x86: Booting SMP configuration:
[    0.216006] .... node  #0, CPUs:      #1
[    0.004000] kvm-clock: cpu 1, msr 0:3ff44041, secondary cpu clock
[    0.224052] smp: Brought up 1 node, 2 CPUs
[    0.226362] smpboot: Max logical packages: 1
[    0.228012] smpboot: Total of 2 processors activated (8380.95 BogoMIPS)
[    0.232332] devtmpfs: initialized
[    0.236175] x86/mm: Memory block size: 128MB
[    0.240056] evm: security.selinux
[    0.242089] evm: security.SMACK64
[    0.244020] evm: security.SMACK64EXEC
[    0.246326] evm: security.SMACK64TRANSMUTE
[    0.248009] evm: security.SMACK64MMAP
[    0.250180] evm: security.apparmor
[    0.252006] evm: security.ima
[    0.256006] evm: security.capability
[    0.260347] clocksource: jiffies: mask: 0xffffffff max_cycles: 0xffffffff, max_idle_ns: 7645041785100000 ns
[    0.264023] futex hash table entries: 512 (order: 3, 32768 bytes)
[    0.268127] pinctrl core: initialized pinctrl subsystem
[    0.274222] RTC time:  3:43:29, date: 12/01/22
[    0.276743] NET: Registered protocol family 16
[    0.280374] audit: initializing netlink subsys (disabled)
[    0.284069] audit: type=2000 audit(1669866216.744:1): state=initialized audit_enabled=0 res=1
[    0.288014] cpuidle: using governor ladder
[    0.292031] cpuidle: using governor menu
[    0.296266] ACPI: bus type PCI registered
[    0.300012] acpiphp: ACPI Hot Plug PCI Controller Driver version: 0.5
[    0.304398] PCI: Using configuration type 1 for base access
[    0.316225] HugeTLB registered 2.00 MiB page size, pre-allocated 0 pages
[    0.320154] ACPI: Added _OSI(Module Device)
[    0.322564] ACPI: Added _OSI(Processor Device)
[    0.324015] ACPI: Added _OSI(3.0 _SCP Extensions)
[    0.328007] ACPI: Added _OSI(Processor Aggregator Device)
[    0.331189] ACPI: Added _OSI(Linux-Dell-Video)
[    0.332007] ACPI: Added _OSI(Linux-Lenovo-NV-HDMI-Audio)
[    0.336007] ACPI: Added _OSI(Linux-HPI-Hybrid-Graphics)
[    0.340829] ACPI: Executed 1 blocks of module-level executable AML code
[    0.366322] ACPI: Interpreter enabled
[    0.368046] ACPI: (supports S0 S5)
[    0.370193] ACPI: Using IOAPIC for interrupt routing
[    0.373263] PCI: Using host bridge windows from ACPI; if necessary, use "pci=nocrs" and report a bug
[    0.376695] ACPI: Enabled 2 GPEs in block 00 to 07
[    0.414420] ACPI: PCI Root Bridge [PCI0] (domain 0000 [bus 00-ff])
[    0.416033] acpi PNP0A03:00: _OSC: OS supports [ASPM ClockPM Segments MSI]
[    0.425344] acpi PNP0A03:00: _OSC: not requesting OS control; OS requires [ExtendedConfig ASPM ClockPM MSI]
[    0.428046] acpi PNP0A03:00: fail to add MMCONFIG information, can't access extended PCI configuration space under this bridge.
[    0.436355] PCI host bridge to bus 0000:00
[    0.438960] pci_bus 0000:00: root bus resource [io  0x0000-0x0cf7 window]
[    0.440018] pci_bus 0000:00: root bus resource [io  0x0d00-0xffff window]
[    0.444009] pci_bus 0000:00: root bus resource [mem 0x000a0000-0x000bffff window]
[    0.448011] pci_bus 0000:00: root bus resource [mem 0x40000000-0xfdffffff window]
[    0.452013] pci_bus 0000:00: root bus resource [bus 00-ff]
[    0.464918] pci 0000:00:01.1: legacy IDE quirk: reg 0x10: [io  0x01f0-0x01f7]
[    0.468008] pci 0000:00:01.1: legacy IDE quirk: reg 0x14: [io  0x03f6]
[    0.471475] pci 0000:00:01.1: legacy IDE quirk: reg 0x18: [io  0x0170-0x0177]
[    0.472009] pci 0000:00:01.1: legacy IDE quirk: reg 0x1c: [io  0x0376]
[    0.514690] pci 0000:00:07.0: quirk: [io  0x4000-0x403f] claimed by PIIX4 ACPI
[    0.516039] pci 0000:00:07.0: quirk: [io  0x4100-0x410f] claimed by PIIX4 SMB
[    0.541179] ACPI: PCI Interrupt Link [LNKA] (IRQs 5 9 10 *11)
[    0.545710] ACPI: PCI Interrupt Link [LNKB] (IRQs 5 9 *10 11)
[    0.548471] ACPI: PCI Interrupt Link [LNKC] (IRQs 5 *9 10 11)
[    0.556068] ACPI: PCI Interrupt Link [LNKD] (IRQs 5 9 10 *11)
[    0.560851] SCSI subsystem initialized
[    0.563435] pci 0000:00:02.0: vgaarb: setting as boot VGA device
[    0.563792] pci 0000:00:02.0: vgaarb: VGA device added: decodes=io+mem,owns=io+mem,locks=none
[    0.564018] pci 0000:00:02.0: vgaarb: bridge control possible
[    0.567229] vgaarb: loaded
[    0.568103] ACPI: bus type USB registered
[    0.572059] usbcore: registered new interface driver usbfs
[    0.576046] usbcore: registered new interface driver hub
[    0.579723] usbcore: registered new device driver usb
[    0.584095] EDAC MC: Ver: 3.0.0
[    0.587349] PCI: Using ACPI for IRQ routing
[    0.588863] NetLabel: Initializing
[    0.592005] NetLabel:  domain hash size = 128
[    0.596005] NetLabel:  protocols = UNLABELED CIPSOv4 CALIPSO
[    0.600055] NetLabel:  unlabeled traffic allowed by default
[    0.603359] clocksource: Switched to clocksource kvm-clock
[    0.664957] VFS: Disk quotas dquot_6.6.0
[    0.667717] VFS: Dquot-cache hash table entries: 512 (order 0, 4096 bytes)
[    0.672517] AppArmor: AppArmor Filesystem Enabled
[    0.675363] pnp: PnP ACPI init
[    0.681939] pnp: PnP ACPI: found 3 devices
[    0.701957] clocksource: acpi_pm: mask: 0xffffff max_cycles: 0xffffff, max_idle_ns: 2085701024 ns
[    0.707506] NET: Registered protocol family 2
[    0.710276] IP idents hash table entries: 16384 (order: 5, 131072 bytes)
[    0.716333] TCP established hash table entries: 8192 (order: 4, 65536 bytes)
[    0.720182] TCP bind hash table entries: 8192 (order: 5, 131072 bytes)
[    0.724356] TCP: Hash tables configured (established 8192 bind 8192)
[    0.727935] UDP hash table entries: 512 (order: 2, 16384 bytes)
[    0.731763] UDP-Lite hash table entries: 512 (order: 2, 16384 bytes)
[    0.735472] NET: Registered protocol family 1
[    0.738459] pci 0000:00:00.0: Limiting direct PCI/PCI transfers
[    0.742418] pci 0000:00:01.0: Activating ISA DMA hang workarounds
[    0.746238] pci 0000:00:02.0: Video device with shadowed ROM at [mem 0x000c0000-0x000dffff]
[    0.750921] Unpacking initramfs...
[    1.902010] Freeing initrd memory: 19536K
[    1.904806] clocksource: tsc: mask: 0xffffffffffffffff max_cycles: 0x1e339e249a0, max_idle_ns: 440795300199 ns
[    1.910392] platform rtc_cmos: registered platform RTC device (no PNP device found)
[    1.915185] Scanning for low memory corruption every 60 seconds
[    1.920281] Initialise system trusted keyrings
[    1.923162] Key type blacklist registered
[    1.925906] workingset: timestamp_bits=36 max_order=18 bucket_order=0
[    1.934528] zbud: loaded
[    1.937584] squashfs: version 4.0 (2009/01/31) Phillip Lougher
[    1.941361] fuse init (API version 7.26)
[    1.948601] Key type asymmetric registered
[    1.950804] Asymmetric key parser 'x509' registered
[    1.953625] Block layer SCSI generic (bsg) driver version 0.4 loaded (major 246)
[    1.957881] io scheduler noop registered
[    1.960039] io scheduler deadline registered
[    1.963253] io scheduler cfq registered (default)
[    1.967072] ACPI: AC Adapter [AC] (off-line)
[    1.969715] input: Power Button as /devices/LNXSYSTM:00/LNXPWRBN:00/input/input0
[    1.973751] ACPI: Power Button [PWRF]
[    1.975969] input: Sleep Button as /devices/LNXSYSTM:00/LNXSLPBN:00/input/input1
[    1.980025] ACPI: Sleep Button [SLPF]
[    1.985969] ACPI: Battery Slot [BAT0] (battery present)
[    1.989339] Serial: 8250/16550 driver, 32 ports, IRQ sharing enabled
[    2.015233] 00:02: ttyS0 at I/O 0x3f8 (irq = 4, base_baud = 115200) is a 16550A
[    2.027759] Linux agpgart interface v0.103
[    2.035528] loop: module loaded
[    2.039615] scsi host0: ata_piix
[    2.042273] scsi host1: ata_piix
[    2.044259] ata1: PATA max UDMA/33 cmd 0x1f0 ctl 0x3f6 bmdma 0xd000 irq 14
[    2.047751] ata2: PATA max UDMA/33 cmd 0x170 ctl 0x376 bmdma 0xd008 irq 15
[    2.051505] tun: Universal TUN/TAP device driver, 1.6
[    2.055752] PPP generic driver version 2.4.2
[    2.059182] ehci_hcd: USB 2.0 'Enhanced' Host Controller (EHCI) Driver
[    2.063634] ehci-pci: EHCI PCI platform driver
[    2.066990] ehci-platform: EHCI generic platform driver
[    2.071102] ohci_hcd: USB 1.1 'Open' Host Controller (OHCI) Driver
[    2.074889] ohci-pci: OHCI PCI platform driver
[    2.078181] ohci-platform: OHCI generic platform driver
[    2.081494] uhci_hcd: USB Universal Host Controller Interface driver
[    2.085560] i8042: PNP: PS/2 Controller [PNP0303:PS2K,PNP0f03:PS2M] at 0x60,0x64 irq 1,12
[    2.091717] serio: i8042 KBD port at 0x60,0x64 irq 1
[    2.094870] serio: i8042 AUX port at 0x60,0x64 irq 12
[    2.098671] mousedev: PS/2 mouse device common for all mice
[    2.104221] input: AT Translated Set 2 keyboard as /devices/platform/i8042/serio0/input/input2
[    2.108205] rtc_cmos rtc_cmos: rtc core: registered rtc_cmos as rtc0
[    2.114270] rtc_cmos rtc_cmos: alarms up to one day, 114 bytes nvram
[    2.118008] i2c /dev entries driver
[    2.120567] device-mapper: uevent: version 1.0.3
[    2.123500] device-mapper: ioctl: 4.37.0-ioctl (2017-09-20) initialised: dm-devel@redhat.com
[    2.128181] ledtrig-cpu: registered to indicate activity on CPUs
[    2.132915] NET: Registered protocol family 10
[    2.146570] Segment Routing with IPv6
[    2.148759] NET: Registered protocol family 17
[    2.151682] Key type dns_resolver registered
[    2.154829] mce: Using 0 MCE banks
[    2.157089] RAS: Correctable Errors collector initialized.
[    2.160216] sched_clock: Marking stable (2157037166, 0)->(2792546790, -635509624)
[    2.166077] registered taskstats version 1
[    2.168568] Loading compiled-in X.509 certificates
[    2.179708] Loaded X.509 cert 'Build time autogenerated kernel key: ffc9dd3886e7b6bb89620497cc57c4262b59bc54'
[    2.187173] Loaded X.509 cert 'Canonical Ltd. Live Patch Signing: 14df34d1a87cf37625abec039ef2bf521249b969'
[    2.194666] Loaded X.509 cert 'Canonical Ltd. Kernel Module Signing: 88f752e560a1e0737e31163a466ad7b70a850c19'
[    2.200729] blacklist: Loading compiled-in revocation X.509 certificates
[    2.204741] Loaded X.509 cert 'Canonical Ltd. Secure Boot Signing: 61482aa2830d0ab2ad5af10b7250da9033ddcef0'
[    2.216578] zswap: loaded using pool lzo/zbud
[    2.257323] Key type big_key registered
[    2.260656] Key type trusted registered
[    2.269488] Key type encrypted registered
[    2.272930] AppArmor: AppArmor sha1 policy hashing enabled
[    2.278856] ima: No TPM chip found, activating TPM-bypass! (rc=-19)
[    2.285032] ima: Allocated hash algorithm: sha1
[    2.290606] evm: HMAC attrs: 0x1
[    2.294079]   Magic number: 2:112:714
[    2.297110] rtc_cmos rtc_cmos: setting system clock to 2022-12-01 03:43:31 UTC (1669866211)
[    2.303617] BIOS EDD facility v0.16 2004-Jun-25, 0 devices found
[    2.307727] EDD information not available.
[    2.327714] Freeing unused kernel image memory: 2472K
[    2.344452] Write protecting the kernel read-only data: 20480k
[    2.350654] Freeing unused kernel image memory: 2008K
[    2.355334] Freeing unused kernel image memory: 1824K
[    2.417547] x86/mm: Checked W+X mappings: passed, no W+X pages found.
[    2.421842] x86/mm: Checking user space page tables
[    2.474635] x86/mm: Checked W+X mappings: passed, no W+X pages found.
Loading, please wait...
starting version 237
[    2.688592] Fusion MPT base driver 3.04.20
[    2.691715] Copyright (c) 1999-2008 LSI Corporation
[    2.706204] e1000: Intel(R) PRO/1000 Network Driver - version 7.3.21-k8-NAPI
[    2.711599] e1000: Copyright (c) 1999-2006 Intel Corporation.
[    2.750786] Fusion MPT SPI Host driver 3.04.20
[    2.896086] input: ImExPS/2 Generic Explorer Mouse as /devices/platform/i8042/serio1/input/input4
[    3.310255] e1000 0000:00:03.0 eth0: (PCI:33MHz:32-bit) 02:a6:12:9f:2a:1a
[    3.315661] e1000 0000:00:03.0 eth0: Intel(R) PRO/1000 Network Connection
[    3.326476] mptbase: ioc0: Initiating bringup
[    3.328259] e1000 0000:00:03.0 enp0s3: renamed from eth0
[    4.236943] ioc0: LSI53C1030 A0: Capabilities={Initiator}
[    8.879949] scsi host2: ioc0: LSI53C1030 A0, FwRev=00000000h, Ports=1, MaxQ=256, IRQ=20
[   11.124193] scsi 2:0:0:0: Direct-Access     VBOX     HARDDISK         1.0  PQ: 0 ANSI: 5
[   11.168766] scsi target2:0:0: Beginning Domain Validation
[   11.188332] scsi target2:0:0: Domain Validation skipping write tests
[   11.197653] scsi target2:0:0: Ending Domain Validation
[   11.206003] scsi target2:0:0: asynchronous
[   11.216459] scsi 2:0:1:0: Direct-Access     VBOX     HARDDISK         1.0  PQ: 0 ANSI: 5
[   11.260605] scsi target2:0:1: Beginning Domain Validation
[   11.280388] scsi target2:0:1: Domain Validation skipping write tests
[   11.290226] scsi target2:0:1: Ending Domain Validation
[   11.298971] scsi target2:0:1: asynchronous
[   11.345008] sd 2:0:0:0: [sda] 83886080 512-byte logical blocks: (42.9 GB/40.0 GiB)
[   11.357741] sd 2:0:0:0: Attached scsi generic sg0 type 0
[   11.367522] sd 2:0:0:0: [sda] Write Protect is off
[   11.373975] sd 2:0:1:0: Attached scsi generic sg1 type 0
[   11.388284] sd 2:0:0:0: [sda] Incomplete mode parameter data
[   11.399744] sd 2:0:0:0: [sda] Assuming drive cache: write through
[   11.410960] sd 2:0:1:0: [sdb] 20480 512-byte logical blocks: (10.5 MB/10.0 MiB)
[   11.434883] sd 2:0:1:0: [sdb] Write Protect is off
[   11.443847] sd 2:0:1:0: [sdb] Incomplete mode parameter data
[   11.453157] sd 2:0:1:0: [sdb] Assuming drive cache: write through
[   11.461903]  sda: sda1
[   11.473205] sd 2:0:0:0: [sda] Attached SCSI disk
[   11.499802] sd 2:0:1:0: [sdb] Attached SCSI disk
Begin: Loading essential drivers ... [   14.404420] raid6: sse2x1   gen()  1356 MB/s
[   14.452278] raid6: sse2x1   xor()   814 MB/s
[   14.500090] raid6: sse2x2   gen()  2507 MB/s
[   14.552805] raid6: sse2x2   xor()  1354 MB/s
[   14.600693] raid6: sse2x4   gen()  3665 MB/s
[   14.648438] raid6: sse2x4   xor()  2282 MB/s
[   14.650715] raid6: using algorithm sse2x4 gen() 3665 MB/s
[   14.653530] raid6: .... xor() 2282 MB/s, rmw enabled
[   14.656063] raid6: using ssse3x2 recovery algorithm
[   14.669124] xor: automatically using best checksumming function   avx       
[   14.677612] async_tx: api initialized (async)
done.
Begin: Running /scripts/init-premount ... done.
Begin: Mounting root file system ... Begin: Running /scripts/local-top ... done.
Begin: Running /scripts/local-premount ... [   14.845682] Btrfs loaded, crc32c=crc32c-intel
Scanning for Btrfs filesystems
done.
Warning: fsck not present, so skipping root file system
[   14.922489] EXT4-fs (sda1): INFO: recovery required on readonly filesystem
[   14.926752] EXT4-fs (sda1): write access will be enabled during recovery
[   15.271824] EXT4-fs (sda1): recovery complete
[   15.275603] EXT4-fs (sda1): mounted filesystem with ordered data mode. Opts: (null)
done.
Begin: Running /scripts/local-bottom ... done.
Begin: Running /scripts/init-bottom ... done.
[   16.782526] ip_tables: (C) 2000-2006 Netfilter Core Team
[   16.908492] systemd[1]: systemd 237 running in system mode. (+PAM +AUDIT +SELINUX +IMA +APPARMOR +SMACK +SYSVINIT +UTMP +LIBCRYPTSETUP +GCRYPT +GNUTLS +ACL +XZ +LZ4 +SECCOMP +BLKID +ELFUTILS +KMOD -IDN2 +IDN -PCRE2 default-hierarchy=hybrid)
[   16.949095] systemd[1]: Detected virtualization oracle.
[   16.959237] systemd[1]: Detected architecture x86-64.

Welcome to [1mUbuntu 18.04.6 LTS[0m!

[   17.026920] systemd[1]: Set hostname to <ubuntu-bionic>.
[   18.660930] random: crng init done
[   19.097593] systemd[1]: Reached target User and Group Name Lookups.
[[0;32m  OK  [0m] Reached target User and Group Name Lookups.
[   19.114102] systemd[1]: Reached target System Time Synchronized.
[[0;32m  OK  [0m] Reached target System Time Synchronized.
[   19.140741] systemd[1]: Created slice System Slice.
[[0;32m  OK  [0m] Created slice System Slice.
[   19.159962] systemd[1]: Listening on LVM2 metadata daemon socket.
[[0;32m  OK  [0m] Listening on LVM2 metadata daemon socket.
[   19.182397] systemd[1]: Listening on udev Kernel Socket.
[[0;32m  OK  [0m] Listening on udev Kernel Socket.
[   19.205845] systemd[1]: Created slice system-serial\x2dgetty.slice.
[[0;32m  OK  [0m] Created slice system-serial\x2dgetty.slice.
[[0;32m  OK  [0m] Listening on Syslog Socket.
[[0;32m  OK  [0m] Listening on LVM2 poll daemon socket.
[[0;32m  OK  [0m] Listening on Journal Socket.
         Mounting Kernel Debug File System...
         Mounting Huge Pages File System...
[[0;32m  OK  [0m] Created slice User and Session Slice.
[[0;32m  OK  [0m] Reached target Slices.
[[0;32m  OK  [0m] Listening on Journal Audit Socket.
[[0;32m  OK  [0m] Listening on /dev/initctl Compatibility Named Pipe.
         Starting Set the console keyboard layout...
[[0;32m  OK  [0m] Listening on Network Service Netlink Socket.
[[0;32m  OK  [0m] Started Forward Password Requests to Wall Directory Watch.
[[0;32m  OK  [0m] Listening on fsck to fsckd communication Socket.
         Starting File System Check on Root Device...
[[0;32m  OK  [0m] Listening on Journal Socket (/dev/log).
         Starting Journal Service...
[[0;32m  OK  [0m] Reached target Swap.
         Starting Create list of required st…ce nodes for the current kernel...
         Mounting POSIX Message Queue File System...
[[0;32m  OK  [0m] Set up automount Arbitrary Executab…rmats File System Automount Point.
         Starting Load Kernel Modules...
         Starting Uncomplicated firewall...
[[0;32m  OK  [0m] Listening on Device-mapper event daemon FIFOs.
         Starting Monitoring of LVM2 mirrors…ng dmeventd or progress polling...
[[0;32m  OK  [0m] Listening on udev Control Socket.
         Starting udev Coldplug all Devices...
[[0;32m  OK  [0m] Mounted Kernel Debug File System.
[[0;32m  OK  [0m] Mounted Huge Pages File System.
[[0;32m  OK  [0m] Started Create list of required sta…vice nodes for the current kernel.
[[0;32m  OK  [0m] Mounted POSIX Message Queue File System.
[[0;32m  OK  [0m] Started File System Check Daemon to report status.
         Starting Create Static Device Nodes in /dev...
[[0;32m  OK  [0m] Started Uncomplicated firewall.
[[0;32m  OK  [0m] Started Journal Service.
[[0;32m  OK  [0m] Started udev Coldplug all Devices.
[[0;32m  OK  [0m] Started File System Check on Root Device.
         Starting Remount Root and Kernel File Systems...
[   19.891823] Loading iSCSI transport class v2.0-870.
[[0;32m  OK  [0m] Started LVM2 metadata daemon.
[   20.086511] iscsi: registered transport (tcp)
[   20.178905] EXT4-fs (sda1): re-mounted. Opts: (null)
[[0;32m  OK  [0m] Started Remount Root and Kernel File Systems.
         Starting Load/Save Random Seed...
         Starting Flush Journal to Persistent Storage...
[[0;32m  OK  [0m] Started Create Static Device Nodes in /dev.
         Starting udev Kernel Device Manager...
[[0;32m  OK  [0m] Started Monitoring of LVM2 mirrors,…sing dmeventd or progress polling.
[   20.391609] systemd-journald[394]: Received request to flush runtime journal from PID 1
[[0;32m  OK  [0m] Started Load/Save Random Seed.
[[0;32m  OK  [0m] Started Set the console keyboard layout.
[[0;32m  OK  [0m] Reached target Local File Systems (Pre).
[[0;32m  OK  [0m] Reached target Local File Systems.
         Starting Tell Plymouth To Write Out Runtime Data...
         Starting Set console font and keymap...
         Starting AppArmor initialization...
         Starting ebtables ruleset management...
[[0;32m  OK  [0m] Started udev Kernel Device Manager.
[[0;32m  OK  [0m] Started Dispatch Password Requests to Console Directory Watch.
[[0;32m  OK  [0m] Reached target Local Encrypted Volumes.
[[0;32m  OK  [0m] Started Tell Plymouth To Write Out Runtime Data.
[[0;32m  OK  [0m] Started Set console font and keymap.
[   20.713107] iscsi: registered transport (iser)
[[0;32m  OK  [0m] Started Load Kernel Modules.
         Mounting Kernel Configuration File System...
         Starting Apply Kernel Variables...
         Mounting FUSE Control File System...
[[0;32m  OK  [0m] Mounted FUSE Control File System.
[[0;32m  OK  [0m] Mounted Kernel Configuration File System.
[   20.796790] systemd-journald[394]: File /var/log/journal/32482935dadd48c1b291dd70c8c91866/system.journal corrupted or uncleanly shut down, renaming and replacing.
[[0;32m  OK  [0m] Started Apply Kernel Variables.
[[0;32m  OK  [0m] Started Flush Journal to Persistent Storage.
         Starting Create Volatile Files and Directories...
[[0;32m  OK  [0m] Started ebtables ruleset management.
[[0;32m  OK  [0m] Started Create Volatile Files and Directories.
         Starting Update UTMP about System Boot/Shutdown...
[[0;32m  OK  [0m] Started Update UTMP about System Boot/Shutdown.
[[0;32m  OK  [0m] Found device /dev/ttyS0.
[[0;32m  OK  [0m] Started AppArmor initialization.
         Starting Initial cloud-init job (pre-networking)...
         Starting Load AppArmor profiles managed internally by snapd...
[[0;32m  OK  [0m] Listening on Load/Save RF Kill Switch Status /dev/rfkill Watch.
         Mounting Arbitrary Executable File Formats File System...
[[0;32m  OK  [0m] Mounted Arbitrary Executable File Formats File System.
[[0;32m  OK  [0m] Started Load AppArmor profiles managed internally by snapd.
[   30.553988] cloud-init[556]: Cloud-init v. 22.3.4-0ubuntu1~18.04.1 running 'init-local' at Thu, 01 Dec 2022 03:43:58 +0000. Up 29.71 seconds.
[[0;32m  OK  [0m] Started Initial cloud-init job (pre-networking).
[[0;32m  OK  [0m] Reached target Network (Pre).
         Starting Network Service...
[[0;32m  OK  [0m] Started Network Service.
         Starting Network Name Resolution...
         Starting Wait for Network to be Configured...
[[0;32m  OK  [0m] Started Network Name Resolution.
[[0;32m  OK  [0m] Reached target Network.
[[0;32m  OK  [0m] Reached target Host and Network Name Lookups.
[[0;32m  OK  [0m] Started Wait for Network to be Configured.
         Starting Initial cloud-init job (metadata service crawler)...
[   34.663472] cloud-init[680]: Cloud-init v. 22.3.4-0ubuntu1~18.04.1 running 'init' at Thu, 01 Dec 2022 03:44:03 +0000. Up 33.96 seconds.
[   34.667761] cloud-init[680]: ci-info: ++++++++++++++++++++++++++++++++++++++Net device info++++++++++++++++++++++++++++++++++++++
[   34.672457] cloud-init[680]: ci-info: +--------+------+----------------------------+---------------+--------+-------------------+
[   34.678319] cloud-init[680]: ci-info: | Device |  Up  |          Address           |      Mask     | Scope  |     Hw-Address    |
[   34.697185] cloud-init[680]: ci-info: +--------+------+----------------------------+---------------+--------+-------------------+
[   34.703107] cloud-init[680]: ci-info: | enp0s3 | True |         10.0.2.15          | 255.255.255.0 | global | 02:a6:12:9f:2a:1a |
[   34.709959] cloud-init[680]: ci-info: | enp0s3 | True | fe80::a6:12ff:fe9f:2a1a/64 |       .       |  link  | 02:a6:12:9f:2a:1a |
[   34.714100] cloud-init[680]: ci-info: |   lo   | True |         127.0.0.1          |   255.0.0.0   |  host  |         .         |
[   34.718380] cloud-init[680]: ci-info: |   lo   | True |          ::1/128           |       .       |  host  |         .         |
[   34.723123] cloud-init[680]: ci-info: +--------+------+----------------------------+---------------+--------+-------------------+
[   34.727231] cloud-init[680]: ci-info: ++++++++++++++++++++++++++++Route IPv4 info+++++++++++++++++++++++++++++
[   34.730896] cloud-init[680]: ci-info: +-------+-------------+----------+-----------------+-----------+-------+
[   34.744422] cloud-init[680]: ci-info: | Route | Destination | Gateway  |     Genmask     | Interface | Flags |
[   34.749162] cloud-init[680]: ci-info: +-------+-------------+----------+-----------------+-----------+-------+
[   34.754227] cloud-init[680]: ci-info: |   0   |   0.0.0.0   | 10.0.2.2 |     0.0.0.0     |   enp0s3  |   UG  |
[   34.759191] cloud-init[680]: ci-info: |   1   |   10.0.2.0  | 0.0.0.0  |  255.255.255.0  |   enp0s3  |   U   |
[   34.764572] cloud-init[680]: ci-info: |   2   |   10.0.2.2  | 0.0.0.0  | 255.255.255.255 |   enp0s3  |   UH  |
[   34.769496] cloud-init[680]: ci-info: +-------+-------------+----------+-----------------+-----------+-------+
[   34.774442] cloud-init[680]: ci-info: +++++++++++++++++++Route IPv6 info+++++++++++++++++++
[   34.778444] cloud-init[680]: ci-info: +-------+-------------+---------+-----------+-------+
[   34.782983] cloud-init[680]: ci-info: | Route | Destination | Gateway | Interface | Flags |
[   34.787100] cloud-init[680]: ci-info: +-------+-------------+---------+-----------+-------+
[   34.791646] cloud-init[680]: ci-info: |   1   |  fe80::/64  |    ::   |   enp0s3  |   U   |
[   34.795933] cloud-init[680]: ci-info: |   3   |    local    |    ::   |   enp0s3  |   U   |
[   34.800736] cloud-init[680]: ci-info: |   4   |   ff00::/8  |    ::   |   enp0s3  |   U   |
[   34.805002] cloud-init[680]: ci-info: +-------+-------------+---------+-----------+-------+
[[0;32m  OK  [0m] Started Initial cloud-init job (metadata service crawler).
[[0;32m  OK  [0m] Reached target Network is Online.
         Starting Availability of block devices...
[[0;32m  OK  [0m] Reached target Remote File Systems (Pre).
         Mounting /vagrant...
[[0;32m  OK  [0m] Reached target System Initialization.
[[0;32m  OK  [0m] Started ACPI Events Check.
[[0;32m  OK  [0m] Listening on ACPID Listen Socket.
[[0;32m  OK  [0m] Listening on D-Bus System Message Bus Socket.
[[0;32m  OK  [0m] Listening on cloud-init hotplug hook socket.
[[0;32m  OK  [0m] Listening on UUID daemon activation socket.
[[0;32m  OK  [0m] Started Message of the Day.
[[0;32m  OK  [0m] Started Daily apt upgrade and clean activities.
[[0;32m  OK  [0m] Started Discard unused blocks once a week.
[[0;32m  OK  [0m] Reached target Paths.
         Starting Socket activation for snappy daemon.
[[0;32m  OK  [0m] Started Ubuntu Advantage Timer for running repeated jobs.
         Starting LXD - unix socket.
[[0;32m  OK  [0m] Started Daily Cleanup of Temporary Directories.
[[0;32m  OK  [0m] Listening on Open-iSCSI iscsid Socket.
[[0;32m  OK  [0m] Reached target Timers.
[[0;32m  OK  [0m] Reached target Cloud-config availability.
[[0;32m  OK  [0m] Started Availability of block devices.
[[0;32m  OK  [0m] Mounted /vagrant.
[[0;32m  OK  [0m] Listening on Socket activation for snappy daemon.
[[0;32m  OK  [0m] Listening on LXD - unix socket.
[[0;32m  OK  [0m] Reached target Sockets.
[[0;32m  OK  [0m] Reached target Basic System.
         Starting Snap Daemon...
         Starting System Logging Service...
[[0;32m  OK  [0m] Started D-Bus System Message Bus.
         Starting LXD - container startup/shutdown...
[[0;32m  OK  [0m] Reached target Login Prompts (Pre).
[[0;32m  OK  [0m] Started Regular background program processing daemon.
[[0;32m  OK  [0m] Started irqbalance daemon.
[[0;32m  OK  [0m] Started FUSE filesystem for LXC.
[[0;32m  OK  [0m] Started Deferred execution scheduler.
         Starting Accounts Service...
         Starting Dispatcher daemon for systemd-networkd...
         Starting Virtualbox guest utils...
         Starting Login Service...
         Starting Message of the Day...
         Starting LSB: Record successful boot for GRUB...
         Starting OpenBSD Secure Shell server...
[[0;32m  OK  [0m] Reached target Remote File Systems.
         Starting LSB: automatic crash report generation...
         Starting Permit User Sessions...
[[0;32m  OK  [0m] Started System Logging Service.
[[0;32m  OK  [0m] Started Login Service.
[[0;32m  OK  [0m] Started Unattended Upgrades Shutdown.
[[0;32m  OK  [0m] Started Permit User Sessions.
         Starting Hold until boot process finishes up...
         Starting Terminate Plymouth Boot Screen...
         Starting Authorization Manager...
[[0;32m  OK  [0m] Started Hold until boot process finishes up.
[[0;32m  OK  [0m] Started Serial Getty on ttyS0.
         Starting Set console scheme...
[[0;32m  OK  [0m] Started Terminate Plymouth Boot Screen.
[[0;32m  OK  [0m] Started Set console scheme.
[[0;32m  OK  [0m] Created slice system-getty.slice.
[[0;32m  OK  [0m] Started Getty on tty1.
[[0;32m  OK  [0m] Reached target Login Prompts.
[[0;32m  OK  [0m] Started LSB: automatic crash report generation.
[[0;32m  OK  [0m] Started Authorization Manager.
[[0;32m  OK  [0m] Started Accounts Service.
[[0;32m  OK  [0m] Started LSB: Record successful boot for GRUB.
[[0;32m  OK  [0m] Started Virtualbox guest utils.
[[0;32m  OK  [0m] Started OpenBSD Secure Shell server.
[[0;32m  OK  [0m] Started Dispatcher daemon for systemd-networkd.
[[0;32m  OK  [0m] Created slice User Slice of vagrant.
[[0;32m  OK  [0m] Started Session 1 of user vagrant.
         Starting User Manager for UID 1000...
[[0;32m  OK  [0m] Started LXD - container startup/shutdown.
[[0;32m  OK  [0m] Started Snap Daemon.
         Starting Wait until snapd is fully seeded...
         Starting Time & Date Service...
[[0;32m  OK  [0m] Started User Manager for UID 1000.
[[0;32m  OK  [0m] Started Time & Date Service.
[[0;32m  OK  [0m] Started Wait until snapd is fully seeded.
         Starting Apply the settings specified in cloud-config...

Ubuntu 18.04.6 LTS ubuntu-bionic ttyS0

ubuntu-bionic login: [   46.013186] cloud-init[1221]: Cloud-init v. 22.3.4-0ubuntu1~18.04.1 running 'modules:config' at Thu, 01 Dec 2022 03:44:14 +0000. Up 45.07 seconds.
[   48.724748] cloud-init[1364]: Cloud-init v. 22.3.4-0ubuntu1~18.04.1 running 'modules:final' at Thu, 01 Dec 2022 03:44:17 +0000. Up 47.91 seconds.
[   48.725110] cloud-init[1364]: Cloud-init v. 22.3.4-0ubuntu1~18.04.1 finished at Thu, 01 Dec 2022 03:44:17 +0000. Datasource DataSourceNoCloud [seed=/dev/sdb][dsmode=net].  Up 48.66 seconds
